<?xml version="1.0" encoding="UTF-8"?>
<!-- Generated by org.testng.reporters.JUnitXMLReporter -->
<testsuite hostname="ajay-PC" name="Default test" tests="4" failures="0" timestamp="15 May 2018 05:51:09 GMT" time="54.285" errors="0">
  <testcase name="testInvalidSearch" time="7.037" classname="Scenario_Component.Scenario_Search"/>
  <testcase name="testValidSearch" time="6.688" classname="Scenario_Component.Scenario_Search"/>
  <testcase name="testValidSearch" time="6.575" classname="Scenario_Component.Scenario_Search"/>
  <testcase name="testValidSearch" time="7.476" classname="Scenario_Component.Scenario_Search"/>
</testsuite> <!-- Default test -->
