<?xml version="1.0" encoding="UTF-8"?>
<!-- Generated by org.testng.reporters.JUnitXMLReporter -->
<testsuite hostname="ajay-PC" name="Test" tests="5" failures="1" timestamp="14 May 2018 06:10:26 GMT" time="53.566" errors="0">
  <testcase name="testValidlogin" time="4.836" classname="Scenario_Component.Scenario_Login">
    <failure type="java.lang.AssertionError" message="The following asserts failed:
null">
      <![CDATA[java.lang.AssertionError: The following asserts failed:
null
	at Scenario_Component.Scenario_Login.testValidlogin(Scenario_Login.java:78)
... Removed 25 stack frames]]>
    </failure>
  </testcase> <!-- testValidlogin -->
  <testcase name="testValidlogin" time="3.487" classname="Scenario_Component.Scenario_Login"/>
  <testcase name="testValidSearch" time="5.458" classname="Scenario_Component.Scenario_Search"/>
  <testcase name="testValidSearch" time="5.46" classname="Scenario_Component.Scenario_Search"/>
  <testcase name="testValidSearch" time="5.386" classname="Scenario_Component.Scenario_Search"/>
</testsuite> <!-- Test -->
